<?xml version="1.0" encoding="UTF-8"?>
<testsuite name="com.gbc.events.EventServiceIntegrationTest" tests="1" skipped="0" failures="0" errors="0" timestamp="2025-12-05T04:29:09.259Z" hostname="DESKTOP-0CTPI97" time="1.41">
  <properties/>
  <testcase name="contextLoads()" classname="com.gbc.events.EventServiceIntegrationTest" time="1.41"/>
  <system-out><![CDATA[23:29:00.928 [Test worker] INFO org.springframework.test.context.support.AnnotationConfigContextLoaderUtils -- Could not detect default configuration classes for test class [com.gbc.events.EventServiceIntegrationTest]: EventServiceIntegrationTest does not declare any static, non-private, non-final, nested classes annotated with @Configuration.
23:29:01.043 [Test worker] INFO org.springframework.boot.test.context.SpringBootTestContextBootstrapper -- Found @SpringBootConfiguration com.gbc.events.EventServiceApplication for test class com.gbc.events.EventServiceIntegrationTest
23:29:01.175 [Test worker] INFO org.testcontainers.images.PullPolicy -- Image pull policy will be performed by: DefaultPullPolicy()
23:29:01.179 [Test worker] INFO org.testcontainers.utility.ImageNameSubstitutor -- Image name substitution will be performed by: DefaultImageNameSubstitutor (composite of 'ConfigurationFileImageNameSubstitutor' and 'PrefixingImageNameSubstitutor')
23:29:01.404 [Test worker] INFO org.testcontainers.dockerclient.DockerClientProviderStrategy -- Loaded org.testcontainers.dockerclient.NpipeSocketClientProviderStrategy from ~/.testcontainers.properties, will try it first
23:29:01.660 [Test worker] INFO org.testcontainers.dockerclient.DockerClientProviderStrategy -- Found Docker environment with local Npipe socket (npipe:////./pipe/docker_engine)
23:29:01.662 [Test worker] INFO org.testcontainers.DockerClientFactory -- Docker host IP address is localhost
23:29:01.675 [Test worker] INFO org.testcontainers.DockerClientFactory -- Connected to docker: 
  Server Version: 28.4.0
  API Version: 1.51
  Operating System: Docker Desktop
  Total Memory: 15846 MB
23:29:01.791 [Test worker] INFO tc.testcontainers/ryuk:0.5.1 -- Creating container for image: testcontainers/ryuk:0.5.1
23:29:02.112 [Test worker] INFO tc.testcontainers/ryuk:0.5.1 -- Container testcontainers/ryuk:0.5.1 is starting: 96bd0a6e21b36cc1e65e56500e25ab14ddc0abe5a0f0f3711f4993f33ba9a9e4
23:29:02.434 [Test worker] INFO tc.testcontainers/ryuk:0.5.1 -- Container testcontainers/ryuk:0.5.1 started in PT0.6432882S
23:29:02.438 [Test worker] INFO org.testcontainers.utility.RyukResourceReaper -- Ryuk started - will monitor and terminate Testcontainers containers on JVM exit
23:29:02.438 [Test worker] INFO org.testcontainers.DockerClientFactory -- Checking the system...
23:29:02.439 [Test worker] INFO org.testcontainers.DockerClientFactory -- ?? Docker server version should be at least 1.6.0
23:29:02.439 [Test worker] INFO tc.postgres:15 -- Creating container for image: postgres:15
23:29:02.541 [Test worker] INFO tc.postgres:15 -- Container postgres:15 is starting: 7c7dfa4c8ae876de674d0e2dbf5b21c0e643b84e1371a1e0f21730f1749fc8d3
23:29:04.227 [Test worker] INFO tc.postgres:15 -- Container postgres:15 started in PT1.7882784S
23:29:04.228 [Test worker] INFO tc.postgres:15 -- Container is started (JDBC URL: jdbc:postgresql://localhost:63297/wellnessdb?loggerLevel=OFF)

  .   ____          _            __ _ _
 /\\ / ___'_ __ _ _(_)_ __  __ _ \ \ \ \
( ( )\___ | '_ | '_| | '_ \/ _` | \ \ \ \
 \\/  ___)| |_)| | | | | || (_| |  ) ) ) )
  '  |____| .__|_| |_|_| |_\__, | / / / /
 =========|_|==============|___/=/_/_/_/

 :: Spring Boot ::                (v3.3.4)

2025-12-04T23:29:04.634-05:00  INFO 27116 --- [    Test worker] c.g.events.EventServiceIntegrationTest   : Starting EventServiceIntegrationTest using Java 17.0.17 with PID 27116 (started by 여치멸치 in C:\Users\Hyechan\Documents\comp3095-assign2\COMP3095-Group52-Assignment2\student-wellness-hub\student-wellness-hub\event-service)
2025-12-04T23:29:04.636-05:00  INFO 27116 --- [    Test worker] c.g.events.EventServiceIntegrationTest   : No active profile set, falling back to 1 default profile: "default"
2025-12-04T23:29:05.482-05:00  INFO 27116 --- [    Test worker] .s.d.r.c.RepositoryConfigurationDelegate : Bootstrapping Spring Data JPA repositories in DEFAULT mode.
2025-12-04T23:29:05.535-05:00  INFO 27116 --- [    Test worker] .s.d.r.c.RepositoryConfigurationDelegate : Finished Spring Data repository scanning in 45 ms. Found 1 JPA repository interface.
2025-12-04T23:29:06.099-05:00  INFO 27116 --- [    Test worker] com.zaxxer.hikari.HikariDataSource       : HikariPool-1 - Starting...
2025-12-04T23:29:06.263-05:00  INFO 27116 --- [    Test worker] com.zaxxer.hikari.pool.HikariPool        : HikariPool-1 - Added connection org.postgresql.jdbc.PgConnection@53432aef
2025-12-04T23:29:06.265-05:00  INFO 27116 --- [    Test worker] com.zaxxer.hikari.HikariDataSource       : HikariPool-1 - Start completed.
2025-12-04T23:29:06.302-05:00  INFO 27116 --- [    Test worker] o.hibernate.jpa.internal.util.LogHelper  : HHH000204: Processing PersistenceUnitInfo [name: default]
2025-12-04T23:29:06.380-05:00  INFO 27116 --- [    Test worker] org.hibernate.Version                    : HHH000412: Hibernate ORM core version 6.5.3.Final
2025-12-04T23:29:06.423-05:00  INFO 27116 --- [    Test worker] o.h.c.internal.RegionFactoryInitiator    : HHH000026: Second-level cache disabled
2025-12-04T23:29:06.796-05:00  INFO 27116 --- [    Test worker] o.s.o.j.p.SpringPersistenceUnitInfo      : No LoadTimeWeaver setup: ignoring JPA class transformer
2025-12-04T23:29:07.758-05:00  INFO 27116 --- [    Test worker] o.h.e.t.j.p.i.JtaPlatformInitiator       : HHH000489: No JTA platform available (set 'hibernate.transaction.jta.platform' to enable JTA platform integration)
2025-12-04T23:29:07.761-05:00  INFO 27116 --- [    Test worker] j.LocalContainerEntityManagerFactoryBean : Initialized JPA EntityManagerFactory for persistence unit 'default'
2025-12-04T23:29:08.346-05:00  WARN 27116 --- [    Test worker] JpaBaseConfiguration$JpaWebConfiguration : spring.jpa.open-in-view is enabled by default. Therefore, database queries may be performed during view rendering. Explicitly configure spring.jpa.open-in-view to disable this warning
2025-12-04T23:29:09.103-05:00  INFO 27116 --- [    Test worker] o.s.b.a.e.web.EndpointLinksResolver      : Exposing 1 endpoint beneath base path '/actuator'
2025-12-04T23:29:09.194-05:00  INFO 27116 --- [    Test worker] c.g.events.EventServiceIntegrationTest   : Started EventServiceIntegrationTest in 4.926 seconds (process running for 9.031)
]]></system-out>
  <system-err><![CDATA[]]></system-err>
</testsuite>
