<?xml version="1.0" encoding="UTF-8"?>
<testsuite name="com.gbc.goals.GoalTrackingServiceIntegrationTest" tests="1" skipped="0" failures="0" errors="0" timestamp="2025-10-10T01:06:03.374Z" hostname="VY" time="1.028">
  <properties/>
  <testcase name="contextLoads()" classname="com.gbc.goals.GoalTrackingServiceIntegrationTest" time="1.028"/>
  <system-out><![CDATA[21:05:54.415 [Test worker] INFO org.springframework.test.context.support.AnnotationConfigContextLoaderUtils -- Could not detect default configuration classes for test class [com.gbc.goals.GoalTrackingServiceIntegrationTest]: GoalTrackingServiceIntegrationTest does not declare any static, non-private, non-final, nested classes annotated with @Configuration.
21:05:54.633 [Test worker] INFO org.springframework.boot.test.context.SpringBootTestContextBootstrapper -- Found @SpringBootConfiguration com.gbc.goals.GoalTrackingServiceApplication for test class com.gbc.goals.GoalTrackingServiceIntegrationTest
21:05:54.836 [Test worker] INFO org.testcontainers.images.PullPolicy -- Image pull policy will be performed by: DefaultPullPolicy()
21:05:54.840 [Test worker] INFO org.testcontainers.utility.ImageNameSubstitutor -- Image name substitution will be performed by: DefaultImageNameSubstitutor (composite of 'ConfigurationFileImageNameSubstitutor' and 'PrefixingImageNameSubstitutor')
21:05:55.139 [Test worker] INFO org.testcontainers.dockerclient.DockerClientProviderStrategy -- Loaded org.testcontainers.dockerclient.NpipeSocketClientProviderStrategy from ~/.testcontainers.properties, will try it first
21:05:55.509 [Test worker] INFO org.testcontainers.dockerclient.DockerClientProviderStrategy -- Found Docker environment with local Npipe socket (npipe:////./pipe/docker_engine)
21:05:55.512 [Test worker] INFO org.testcontainers.DockerClientFactory -- Docker host IP address is localhost
21:05:55.551 [Test worker] INFO org.testcontainers.DockerClientFactory -- Connected to docker: 
  Server Version: 28.5.1
  API Version: 1.51
  Operating System: Docker Desktop
  Total Memory: 15807 MB
21:05:55.591 [Test worker] INFO tc.testcontainers/ryuk:0.5.1 -- Creating container for image: testcontainers/ryuk:0.5.1
21:05:55.786 [Test worker] INFO org.testcontainers.utility.RegistryAuthLocator -- Credential helper/store (docker-credential-desktop) does not have credentials for https://index.docker.io/v1/
21:05:55.952 [Test worker] INFO tc.testcontainers/ryuk:0.5.1 -- Container testcontainers/ryuk:0.5.1 is starting: 329dc55b1ab1cc0f7328f9036262a7fdf14cb0792d1ac5c9a6579698c4e5c579
21:05:56.630 [Test worker] INFO tc.testcontainers/ryuk:0.5.1 -- Container testcontainers/ryuk:0.5.1 started in PT1.0393991S
21:05:56.650 [Test worker] INFO org.testcontainers.utility.RyukResourceReaper -- Ryuk started - will monitor and terminate Testcontainers containers on JVM exit
21:05:56.651 [Test worker] INFO org.testcontainers.DockerClientFactory -- Checking the system...
21:05:56.653 [Test worker] INFO org.testcontainers.DockerClientFactory -- ?? Docker server version should be at least 1.6.0
21:05:56.655 [Test worker] INFO tc.mongo:6.0 -- Creating container for image: mongo:6.0
21:05:56.767 [Test worker] INFO tc.mongo:6.0 -- Container mongo:6.0 is starting: fb380439d55ada4685c7a5a0e990bf55cc976b4a3aab25b369b898b8b6db550a
21:05:57.859 [Test worker] INFO tc.mongo:6.0 -- Container mongo:6.0 started in PT1.2038818S

  .   ____          _            __ _ _
 /\\ / ___'_ __ _ _(_)_ __  __ _ \ \ \ \
( ( )\___ | '_ | '_| | '_ \/ _` | \ \ \ \
 \\/  ___)| |_)| | | | | || (_| |  ) ) ) )
  '  |____| .__|_| |_|_| |_\__, | / / / /
 =========|_|==============|___/=/_/_/_/

 :: Spring Boot ::                (v3.3.4)

2025-10-09T21:06:00.462-04:00  INFO 19704 --- [    Test worker] c.g.g.GoalTrackingServiceIntegrationTest : Starting GoalTrackingServiceIntegrationTest using Java 17.0.16 with PID 19704 (started by vyn13 in C:\Users\vyn13\OneDrive\Desktop\COMP3095-Group52-Assignment1\student-wellness-hub\goal-tracking-service)
2025-10-09T21:06:00.464-04:00  INFO 19704 --- [    Test worker] c.g.g.GoalTrackingServiceIntegrationTest : No active profile set, falling back to 1 default profile: "default"
2025-10-09T21:06:01.294-04:00  INFO 19704 --- [    Test worker] .s.d.r.c.RepositoryConfigurationDelegate : Bootstrapping Spring Data MongoDB repositories in DEFAULT mode.
2025-10-09T21:06:01.378-04:00  INFO 19704 --- [    Test worker] .s.d.r.c.RepositoryConfigurationDelegate : Finished Spring Data repository scanning in 72 ms. Found 1 MongoDB repository interface.
2025-10-09T21:06:02.183-04:00  INFO 19704 --- [    Test worker] org.mongodb.driver.client                : MongoClient with metadata {"driver": {"name": "mongo-java-driver|sync|spring-boot", "version": "5.0.1"}, "os": {"type": "Windows", "name": "Windows 11", "architecture": "amd64", "version": "10.0"}, "platform": "Java/Eclipse Adoptium/17.0.16+8"} created with settings MongoClientSettings{readPreference=primary, writeConcern=WriteConcern{w=null, wTimeout=null ms, journal=null}, retryWrites=true, retryReads=true, readConcern=ReadConcern{level=null}, credential=null, transportSettings=null, commandListeners=[], codecRegistry=ProvidersCodecRegistry{codecProviders=[ValueCodecProvider{}, BsonValueCodecProvider{}, DBRefCodecProvider{}, DBObjectCodecProvider{}, DocumentCodecProvider{}, CollectionCodecProvider{}, IterableCodecProvider{}, MapCodecProvider{}, GeoJsonCodecProvider{}, GridFSFileCodecProvider{}, Jsr310CodecProvider{}, JsonObjectCodecProvider{}, BsonCodecProvider{}, EnumCodecProvider{}, com.mongodb.client.model.mql.ExpressionCodecProvider@6afeaf2d, com.mongodb.Jep395RecordCodecProvider@365bfc5f, com.mongodb.KotlinCodecProvider@1a7e799e]}, loggerSettings=LoggerSettings{maxDocumentLength=1000}, clusterSettings={hosts=[localhost:60828], srvServiceName=mongodb, mode=SINGLE, requiredClusterType=UNKNOWN, requiredReplicaSetName='null', serverSelector='null', clusterListeners='[]', serverSelectionTimeout='30000 ms', localThreshold='15 ms'}, socketSettings=SocketSettings{connectTimeoutMS=10000, readTimeoutMS=0, receiveBufferSize=0, proxySettings=ProxySettings{host=null, port=null, username=null, password=null}}, heartbeatSocketSettings=SocketSettings{connectTimeoutMS=10000, readTimeoutMS=10000, receiveBufferSize=0, proxySettings=ProxySettings{host=null, port=null, username=null, password=null}}, connectionPoolSettings=ConnectionPoolSettings{maxSize=100, minSize=0, maxWaitTimeMS=120000, maxConnectionLifeTimeMS=0, maxConnectionIdleTimeMS=0, maintenanceInitialDelayMS=0, maintenanceFrequencyMS=60000, connectionPoolListeners=[], maxConnecting=2}, serverSettings=ServerSettings{heartbeatFrequencyMS=10000, minHeartbeatFrequencyMS=500, serverListeners='[]', serverMonitorListeners='[]'}, sslSettings=SslSettings{enabled=false, invalidHostNameAllowed=false, context=null}, applicationName='null', compressorList=[], uuidRepresentation=JAVA_LEGACY, serverApi=null, autoEncryptionSettings=null, dnsClient=null, inetAddressResolver=null, contextProvider=null}
2025-10-09T21:06:02.221-04:00  INFO 19704 --- [localhost:60828] org.mongodb.driver.cluster               : Monitor thread successfully connected to server with description ServerDescription{address=localhost:60828, type=REPLICA_SET_PRIMARY, state=CONNECTED, ok=true, minWireVersion=0, maxWireVersion=17, maxDocumentSize=16777216, logicalSessionTimeoutMinutes=30, roundTripTimeNanos=52347700, setName='docker-rs', canonicalAddress=fb380439d55a:27017, hosts=[fb380439d55a:27017], passives=[], arbiters=[], primary='fb380439d55a:27017', tagSet=TagSet{[]}, electionId=7fffffff0000000000000001, setVersion=1, topologyVersion=TopologyVersion{processId=68e85bf512daec69c2d0dbd2, counter=6}, lastWriteDate=Thu Oct 09 21:05:59 EDT 2025, lastUpdateTimeNanos=787030474734400}
2025-10-09T21:06:03.341-04:00  INFO 19704 --- [    Test worker] c.g.g.GoalTrackingServiceIntegrationTest : Started GoalTrackingServiceIntegrationTest in 3.262 seconds (process running for 10.415)
2025-10-09T21:06:04.452-04:00  INFO 19704 --- [localhost:60828] org.mongodb.driver.cluster               : Exception in monitor thread while connecting to server localhost:60828

com.mongodb.MongoSocketReadException: Prematurely reached end of stream
	at com.mongodb.internal.connection.SocketStream.read(SocketStream.java:178) ~[mongodb-driver-core-5.0.1.jar:na]
	at com.mongodb.internal.connection.SocketStream.read(SocketStream.java:196) ~[mongodb-driver-core-5.0.1.jar:na]
	at com.mongodb.internal.connection.InternalStreamConnection.receiveResponseBuffers(InternalStreamConnection.java:716) ~[mongodb-driver-core-5.0.1.jar:na]
	at com.mongodb.internal.connection.InternalStreamConnection.receiveMessageWithAdditionalTimeout(InternalStreamConnection.java:580) ~[mongodb-driver-core-5.0.1.jar:na]
	at com.mongodb.internal.connection.InternalStreamConnection.receiveCommandMessageResponse(InternalStreamConnection.java:428) ~[mongodb-driver-core-5.0.1.jar:na]
	at com.mongodb.internal.connection.InternalStreamConnection.receive(InternalStreamConnection.java:381) ~[mongodb-driver-core-5.0.1.jar:na]
	at com.mongodb.internal.connection.DefaultServerMonitor$ServerMonitorRunnable.lookupServerDescription(DefaultServerMonitor.java:221) ~[mongodb-driver-core-5.0.1.jar:na]
	at com.mongodb.internal.connection.DefaultServerMonitor$ServerMonitorRunnable.run(DefaultServerMonitor.java:153) ~[mongodb-driver-core-5.0.1.jar:na]
	at java.base/java.lang.Thread.run(Thread.java:840) ~[na:na]

]]></system-out>
  <system-err><![CDATA[]]></system-err>
</testsuite>
