<?xml version="1.0" encoding="UTF-8"?>
<testsuite name="com.gbc.wellness.WellnessResourceServiceIntegrationTest" tests="1" skipped="0" failures="0" errors="0" timestamp="2025-12-05T12:25:33.291Z" hostname="DESKTOP-0CTPI97" time="1.138">
  <properties/>
  <testcase name="shouldCreateAndGetResource()" classname="com.gbc.wellness.WellnessResourceServiceIntegrationTest" time="1.138"/>
  <system-out><![CDATA[07:25:22.764 [Test worker] INFO org.springframework.test.context.support.AnnotationConfigContextLoaderUtils -- Could not detect default configuration classes for test class [com.gbc.wellness.WellnessResourceServiceIntegrationTest]: WellnessResourceServiceIntegrationTest does not declare any static, non-private, non-final, nested classes annotated with @Configuration.
07:25:22.853 [Test worker] INFO org.springframework.boot.test.context.SpringBootTestContextBootstrapper -- Found @SpringBootConfiguration com.gbc.wellness.WellnessResourceServiceApplication for test class com.gbc.wellness.WellnessResourceServiceIntegrationTest
07:25:22.979 [Test worker] INFO org.testcontainers.images.PullPolicy -- Image pull policy will be performed by: DefaultPullPolicy()
07:25:22.982 [Test worker] INFO org.testcontainers.utility.ImageNameSubstitutor -- Image name substitution will be performed by: DefaultImageNameSubstitutor (composite of 'ConfigurationFileImageNameSubstitutor' and 'PrefixingImageNameSubstitutor')
07:25:23.181 [Test worker] INFO org.testcontainers.dockerclient.DockerClientProviderStrategy -- Loaded org.testcontainers.dockerclient.NpipeSocketClientProviderStrategy from ~/.testcontainers.properties, will try it first
07:25:23.459 [Test worker] INFO org.testcontainers.dockerclient.DockerClientProviderStrategy -- Found Docker environment with local Npipe socket (npipe:////./pipe/docker_engine)
07:25:23.460 [Test worker] INFO org.testcontainers.DockerClientFactory -- Docker host IP address is localhost
07:25:23.479 [Test worker] INFO org.testcontainers.DockerClientFactory -- Connected to docker: 
  Server Version: 28.4.0
  API Version: 1.51
  Operating System: Docker Desktop
  Total Memory: 15846 MB
07:25:23.599 [Test worker] INFO tc.testcontainers/ryuk:0.6.0 -- Creating container for image: testcontainers/ryuk:0.6.0
07:25:23.853 [Test worker] INFO tc.testcontainers/ryuk:0.6.0 -- Container testcontainers/ryuk:0.6.0 is starting: 6d6b85c0d1c29a48609e647449f1ebeebc9637b4057578c57f80f8bfa1a9c350
07:25:24.219 [Test worker] INFO tc.testcontainers/ryuk:0.6.0 -- Container testcontainers/ryuk:0.6.0 started in PT0.6202075S
07:25:24.224 [Test worker] INFO org.testcontainers.utility.RyukResourceReaper -- Ryuk started - will monitor and terminate Testcontainers containers on JVM exit
07:25:24.224 [Test worker] INFO org.testcontainers.DockerClientFactory -- Checking the system...
07:25:24.224 [Test worker] INFO org.testcontainers.DockerClientFactory -- ?? Docker server version should be at least 1.6.0
07:25:24.225 [Test worker] INFO tc.postgres:15 -- Creating container for image: postgres:15
07:25:24.355 [Test worker] INFO tc.postgres:15 -- Container postgres:15 is starting: f07d4886c343cc34ec6edeb1b9c30c0d6746070ea83ddc2d150f06879b3f7108
07:25:26.573 [Test worker] INFO tc.postgres:15 -- Container postgres:15 started in PT2.3481774S
07:25:26.573 [Test worker] INFO tc.postgres:15 -- Container is started (JDBC URL: jdbc:postgresql://localhost:63739/wellnessdb?loggerLevel=OFF)

  .   ____          _            __ _ _
 /\\ / ___'_ __ _ _(_)_ __  __ _ \ \ \ \
( ( )\___ | '_ | '_| | '_ \/ _` | \ \ \ \
 \\/  ___)| |_)| | | | | || (_| |  ) ) ) )
  '  |____| .__|_| |_|_| |_\__, | / / / /
 =========|_|==============|___/=/_/_/_/

 :: Spring Boot ::                (v3.3.4)

2025-12-05T07:25:26.897-05:00  INFO 46944 --- [wellness-resource-service] [    Test worker] w.WellnessResourceServiceIntegrationTest : Starting WellnessResourceServiceIntegrationTest using Java 21.0.4 with PID 46944 (started by 여치멸치 in C:\Users\Hyechan\Documents\comp3095-assign2\COMP3095-Group52-Assignment2\student-wellness-hub\wellness-resource-service)
2025-12-05T07:25:26.898-05:00  INFO 46944 --- [wellness-resource-service] [    Test worker] w.WellnessResourceServiceIntegrationTest : The following 1 profile is active: "test"
2025-12-05T07:25:27.930-05:00  INFO 46944 --- [wellness-resource-service] [    Test worker] .s.d.r.c.RepositoryConfigurationDelegate : Multiple Spring Data modules found, entering strict repository configuration mode
2025-12-05T07:25:27.932-05:00  INFO 46944 --- [wellness-resource-service] [    Test worker] .s.d.r.c.RepositoryConfigurationDelegate : Bootstrapping Spring Data JPA repositories in DEFAULT mode.
2025-12-05T07:25:28.086-05:00  INFO 46944 --- [wellness-resource-service] [    Test worker] .s.d.r.c.RepositoryConfigurationDelegate : Finished Spring Data repository scanning in 147 ms. Found 1 JPA repository interface.
2025-12-05T07:25:28.101-05:00  INFO 46944 --- [wellness-resource-service] [    Test worker] .s.d.r.c.RepositoryConfigurationDelegate : Multiple Spring Data modules found, entering strict repository configuration mode
2025-12-05T07:25:28.102-05:00  INFO 46944 --- [wellness-resource-service] [    Test worker] .s.d.r.c.RepositoryConfigurationDelegate : Bootstrapping Spring Data Redis repositories in DEFAULT mode.
2025-12-05T07:25:28.118-05:00  INFO 46944 --- [wellness-resource-service] [    Test worker] .RepositoryConfigurationExtensionSupport : Spring Data Redis - Could not safely identify store assignment for repository candidate interface com.gbc.wellness.repository.ResourceRepository; If you want this repository to be a Redis repository, consider annotating your entities with one of these annotations: org.springframework.data.redis.core.RedisHash (preferred), or consider extending one of the following types with your repository: org.springframework.data.keyvalue.repository.KeyValueRepository
2025-12-05T07:25:28.118-05:00  INFO 46944 --- [wellness-resource-service] [    Test worker] .s.d.r.c.RepositoryConfigurationDelegate : Finished Spring Data repository scanning in 5 ms. Found 0 Redis repository interfaces.
2025-12-05T07:25:28.984-05:00  INFO 46944 --- [wellness-resource-service] [    Test worker] o.s.b.w.embedded.tomcat.TomcatWebServer  : Tomcat initialized with port 0 (http)
2025-12-05T07:25:28.999-05:00  INFO 46944 --- [wellness-resource-service] [    Test worker] o.apache.catalina.core.StandardService   : Starting service [Tomcat]
2025-12-05T07:25:29.000-05:00  INFO 46944 --- [wellness-resource-service] [    Test worker] o.apache.catalina.core.StandardEngine    : Starting Servlet engine: [Apache Tomcat/10.1.30]
2025-12-05T07:25:29.104-05:00  INFO 46944 --- [wellness-resource-service] [    Test worker] o.a.c.c.C.[Tomcat].[localhost].[/]       : Initializing Spring embedded WebApplicationContext
2025-12-05T07:25:29.104-05:00  INFO 46944 --- [wellness-resource-service] [    Test worker] w.s.c.ServletWebServerApplicationContext : Root WebApplicationContext: initialization completed in 2192 ms
2025-12-05T07:25:29.851-05:00  INFO 46944 --- [wellness-resource-service] [    Test worker] o.hibernate.jpa.internal.util.LogHelper  : HHH000204: Processing PersistenceUnitInfo [name: default]
2025-12-05T07:25:29.937-05:00  INFO 46944 --- [wellness-resource-service] [    Test worker] org.hibernate.Version                    : HHH000412: Hibernate ORM core version 6.5.3.Final
2025-12-05T07:25:29.982-05:00  INFO 46944 --- [wellness-resource-service] [    Test worker] o.h.c.internal.RegionFactoryInitiator    : HHH000026: Second-level cache disabled
2025-12-05T07:25:30.333-05:00  INFO 46944 --- [wellness-resource-service] [    Test worker] o.s.o.j.p.SpringPersistenceUnitInfo      : No LoadTimeWeaver setup: ignoring JPA class transformer
2025-12-05T07:25:30.366-05:00  INFO 46944 --- [wellness-resource-service] [    Test worker] com.zaxxer.hikari.HikariDataSource       : HikariPool-1 - Starting...
2025-12-05T07:25:30.514-05:00  INFO 46944 --- [wellness-resource-service] [    Test worker] com.zaxxer.hikari.pool.HikariPool        : HikariPool-1 - Added connection org.postgresql.jdbc.PgConnection@644f033d
2025-12-05T07:25:30.516-05:00  INFO 46944 --- [wellness-resource-service] [    Test worker] com.zaxxer.hikari.HikariDataSource       : HikariPool-1 - Start completed.
2025-12-05T07:25:31.392-05:00  INFO 46944 --- [wellness-resource-service] [    Test worker] o.h.e.t.j.p.i.JtaPlatformInitiator       : HHH000489: No JTA platform available (set 'hibernate.transaction.jta.platform' to enable JTA platform integration)
Hibernate: create table resources (resource_id bigint generated by default as identity, category varchar(255), description varchar(255), title varchar(255), url varchar(255), primary key (resource_id))
2025-12-05T07:25:31.435-05:00  INFO 46944 --- [wellness-resource-service] [    Test worker] j.LocalContainerEntityManagerFactoryBean : Initialized JPA EntityManagerFactory for persistence unit 'default'
2025-12-05T07:25:31.979-05:00  WARN 46944 --- [wellness-resource-service] [    Test worker] JpaBaseConfiguration$JpaWebConfiguration : spring.jpa.open-in-view is enabled by default. Therefore, database queries may be performed during view rendering. Explicitly configure spring.jpa.open-in-view to disable this warning
2025-12-05T07:25:33.101-05:00  INFO 46944 --- [wellness-resource-service] [    Test worker] o.s.b.a.e.web.EndpointLinksResolver      : Exposing 3 endpoints beneath base path '/actuator'
2025-12-05T07:25:33.221-05:00  INFO 46944 --- [wellness-resource-service] [    Test worker] o.s.b.w.embedded.tomcat.TomcatWebServer  : Tomcat started on port 63767 (http) with context path '/'
2025-12-05T07:25:33.232-05:00  INFO 46944 --- [wellness-resource-service] [    Test worker] w.WellnessResourceServiceIntegrationTest : Started WellnessResourceServiceIntegrationTest in 6.628 seconds (process running for 11.239)
2025-12-05T07:25:33.847-05:00  INFO 46944 --- [wellness-resource-service] [o-auto-1-exec-1] o.a.c.c.C.[Tomcat].[localhost].[/]       : Initializing Spring DispatcherServlet 'dispatcherServlet'
2025-12-05T07:25:33.847-05:00  INFO 46944 --- [wellness-resource-service] [o-auto-1-exec-1] o.s.web.servlet.DispatcherServlet        : Initializing Servlet 'dispatcherServlet'
2025-12-05T07:25:33.848-05:00  INFO 46944 --- [wellness-resource-service] [o-auto-1-exec-1] o.s.web.servlet.DispatcherServlet        : Completed initialization in 1 ms
Hibernate: insert into resources (category,description,title,url) values (?,?,?,?) returning resource_id
]]></system-out>
  <system-err><![CDATA[WARNING: A Java agent has been loaded dynamically (C:\Users\Hyechan\.gradle\caches\modules-2\files-2.1\net.bytebuddy\byte-buddy-agent\1.14.19\154da3a65b4f4a909d3e5bdec55d1b2b4cbb6ce1\byte-buddy-agent-1.14.19.jar)
WARNING: If a serviceability tool is in use, please run with -XX:+EnableDynamicAgentLoading to hide this warning
WARNING: If a serviceability tool is not in use, please run with -Djdk.instrument.traceUsage for more information
WARNING: Dynamic loading of agents will be disallowed by default in a future release
]]></system-err>
</testsuite>
