<?xml version="1.0" encoding="UTF-8"?>
<testsuite name="com.gbc.wellness.WellnessResourceServiceIntegrationTest" tests="1" skipped="0" failures="0" errors="0" timestamp="2025-10-10T01:06:19.370Z" hostname="VY" time="0.609">
  <properties/>
  <testcase name="contextLoads()" classname="com.gbc.wellness.WellnessResourceServiceIntegrationTest" time="0.609"/>
  <system-out><![CDATA[21:06:08.405 [Test worker] INFO org.springframework.test.context.support.AnnotationConfigContextLoaderUtils -- Could not detect default configuration classes for test class [com.gbc.wellness.WellnessResourceServiceIntegrationTest]: WellnessResourceServiceIntegrationTest does not declare any static, non-private, non-final, nested classes annotated with @Configuration.
21:06:08.606 [Test worker] INFO org.springframework.boot.test.context.SpringBootTestContextBootstrapper -- Found @SpringBootConfiguration com.gbc.wellness.WellnessResourceServiceApplication for test class com.gbc.wellness.WellnessResourceServiceIntegrationTest
21:06:08.826 [Test worker] INFO org.testcontainers.images.PullPolicy -- Image pull policy will be performed by: DefaultPullPolicy()
21:06:08.829 [Test worker] INFO org.testcontainers.utility.ImageNameSubstitutor -- Image name substitution will be performed by: DefaultImageNameSubstitutor (composite of 'ConfigurationFileImageNameSubstitutor' and 'PrefixingImageNameSubstitutor')
21:06:09.138 [Test worker] INFO org.testcontainers.dockerclient.DockerClientProviderStrategy -- Loaded org.testcontainers.dockerclient.NpipeSocketClientProviderStrategy from ~/.testcontainers.properties, will try it first
21:06:09.659 [Test worker] INFO org.testcontainers.dockerclient.DockerClientProviderStrategy -- Found Docker environment with local Npipe socket (npipe:////./pipe/docker_engine)
21:06:09.660 [Test worker] INFO org.testcontainers.DockerClientFactory -- Docker host IP address is localhost
21:06:09.701 [Test worker] INFO org.testcontainers.DockerClientFactory -- Connected to docker: 
  Server Version: 28.5.1
  API Version: 1.51
  Operating System: Docker Desktop
  Total Memory: 15807 MB
21:06:09.749 [Test worker] INFO tc.testcontainers/ryuk:0.5.1 -- Creating container for image: testcontainers/ryuk:0.5.1
21:06:09.993 [Test worker] INFO org.testcontainers.utility.RegistryAuthLocator -- Credential helper/store (docker-credential-desktop) does not have credentials for https://index.docker.io/v1/
21:06:10.221 [Test worker] INFO tc.testcontainers/ryuk:0.5.1 -- Container testcontainers/ryuk:0.5.1 is starting: d9743739bb47b9db6d0953b1dde8cde0ce07347193616b87a2bb52b9fab40507
21:06:10.833 [Test worker] INFO tc.testcontainers/ryuk:0.5.1 -- Container testcontainers/ryuk:0.5.1 started in PT1.0833073S
21:06:10.842 [Test worker] INFO org.testcontainers.utility.RyukResourceReaper -- Ryuk started - will monitor and terminate Testcontainers containers on JVM exit
21:06:10.842 [Test worker] INFO org.testcontainers.DockerClientFactory -- Checking the system...
21:06:10.843 [Test worker] INFO org.testcontainers.DockerClientFactory -- ?? Docker server version should be at least 1.6.0
21:06:10.843 [Test worker] INFO tc.postgres:15 -- Creating container for image: postgres:15
21:06:10.898 [Test worker] INFO tc.postgres:15 -- Container postgres:15 is starting: 374e7bc127db430e6cca0214b5bcfc79c9aff4a4f231ab6c8d9fd5d7ae4bee90
21:06:12.516 [Test worker] INFO tc.postgres:15 -- Container postgres:15 started in PT1.6729345S
21:06:12.517 [Test worker] INFO tc.postgres:15 -- Container is started (JDBC URL: jdbc:postgresql://localhost:60838/wellnessdb?loggerLevel=OFF)

  .   ____          _            __ _ _
 /\\ / ___'_ __ _ _(_)_ __  __ _ \ \ \ \
( ( )\___ | '_ | '_| | '_ \/ _` | \ \ \ \
 \\/  ___)| |_)| | | | | || (_| |  ) ) ) )
  '  |____| .__|_| |_|_| |_\__, | / / / /
 =========|_|==============|___/=/_/_/_/

 :: Spring Boot ::                (v3.3.4)

2025-10-09T21:06:13.038-04:00  INFO 8364 --- [    Test worker] w.WellnessResourceServiceIntegrationTest : Starting WellnessResourceServiceIntegrationTest using Java 17.0.16 with PID 8364 (started by vyn13 in C:\Users\vyn13\OneDrive\Desktop\COMP3095-Group52-Assignment1\student-wellness-hub\wellness-resource-service)
2025-10-09T21:06:13.040-04:00  INFO 8364 --- [    Test worker] w.WellnessResourceServiceIntegrationTest : No active profile set, falling back to 1 default profile: "default"
2025-10-09T21:06:14.087-04:00  INFO 8364 --- [    Test worker] .s.d.r.c.RepositoryConfigurationDelegate : Multiple Spring Data modules found, entering strict repository configuration mode
2025-10-09T21:06:14.090-04:00  INFO 8364 --- [    Test worker] .s.d.r.c.RepositoryConfigurationDelegate : Bootstrapping Spring Data JPA repositories in DEFAULT mode.
2025-10-09T21:06:14.329-04:00  INFO 8364 --- [    Test worker] .s.d.r.c.RepositoryConfigurationDelegate : Finished Spring Data repository scanning in 222 ms. Found 1 JPA repository interface.
2025-10-09T21:06:14.358-04:00  INFO 8364 --- [    Test worker] .s.d.r.c.RepositoryConfigurationDelegate : Multiple Spring Data modules found, entering strict repository configuration mode
2025-10-09T21:06:14.359-04:00  INFO 8364 --- [    Test worker] .s.d.r.c.RepositoryConfigurationDelegate : Bootstrapping Spring Data Redis repositories in DEFAULT mode.
2025-10-09T21:06:14.380-04:00  INFO 8364 --- [    Test worker] .RepositoryConfigurationExtensionSupport : Spring Data Redis - Could not safely identify store assignment for repository candidate interface com.gbc.wellness.repository.ResourceRepository; If you want this repository to be a Redis repository, consider annotating your entities with one of these annotations: org.springframework.data.redis.core.RedisHash (preferred), or consider extending one of the following types with your repository: org.springframework.data.keyvalue.repository.KeyValueRepository
2025-10-09T21:06:14.380-04:00  INFO 8364 --- [    Test worker] .s.d.r.c.RepositoryConfigurationDelegate : Finished Spring Data repository scanning in 8 ms. Found 0 Redis repository interfaces.
2025-10-09T21:06:15.459-04:00  INFO 8364 --- [    Test worker] o.hibernate.jpa.internal.util.LogHelper  : HHH000204: Processing PersistenceUnitInfo [name: default]
2025-10-09T21:06:15.553-04:00  INFO 8364 --- [    Test worker] org.hibernate.Version                    : HHH000412: Hibernate ORM core version 6.5.3.Final
2025-10-09T21:06:15.603-04:00  INFO 8364 --- [    Test worker] o.h.c.internal.RegionFactoryInitiator    : HHH000026: Second-level cache disabled
2025-10-09T21:06:16.070-04:00  INFO 8364 --- [    Test worker] o.s.o.j.p.SpringPersistenceUnitInfo      : No LoadTimeWeaver setup: ignoring JPA class transformer
2025-10-09T21:06:16.120-04:00  INFO 8364 --- [    Test worker] com.zaxxer.hikari.HikariDataSource       : HikariPool-1 - Starting...
2025-10-09T21:06:16.374-04:00  INFO 8364 --- [    Test worker] com.zaxxer.hikari.pool.HikariPool        : HikariPool-1 - Added connection org.postgresql.jdbc.PgConnection@662e5590
2025-10-09T21:06:16.381-04:00  INFO 8364 --- [    Test worker] com.zaxxer.hikari.HikariDataSource       : HikariPool-1 - Start completed.
2025-10-09T21:06:17.704-04:00  INFO 8364 --- [    Test worker] o.h.e.t.j.p.i.JtaPlatformInitiator       : HHH000489: No JTA platform available (set 'hibernate.transaction.jta.platform' to enable JTA platform integration)
Hibernate: create table resources (resource_id bigint generated by default as identity, category varchar(255), description varchar(255), title varchar(255), url varchar(255), primary key (resource_id))
2025-10-09T21:06:17.788-04:00  INFO 8364 --- [    Test worker] j.LocalContainerEntityManagerFactoryBean : Initialized JPA EntityManagerFactory for persistence unit 'default'
2025-10-09T21:06:18.532-04:00  WARN 8364 --- [    Test worker] JpaBaseConfiguration$JpaWebConfiguration : spring.jpa.open-in-view is enabled by default. Therefore, database queries may be performed during view rendering. Explicitly configure spring.jpa.open-in-view to disable this warning
2025-10-09T21:06:19.348-04:00  INFO 8364 --- [    Test worker] w.WellnessResourceServiceIntegrationTest : Started WellnessResourceServiceIntegrationTest in 6.775 seconds (process running for 12.629)
]]></system-out>
  <system-err><![CDATA[]]></system-err>
</testsuite>
