<?xml version="1.0" encoding="UTF-8"?>
<testsuite name="com.gbc.goals.GoalTrackingServiceIntegrationTest" tests="1" skipped="0" failures="0" errors="0" timestamp="2025-12-05T04:29:40.106Z" hostname="DESKTOP-0CTPI97" time="1.322">
  <properties/>
  <testcase name="contextLoads()" classname="com.gbc.goals.GoalTrackingServiceIntegrationTest" time="1.322"/>
  <system-out><![CDATA[23:29:33.531 [Test worker] INFO org.springframework.test.context.support.AnnotationConfigContextLoaderUtils -- Could not detect default configuration classes for test class [com.gbc.goals.GoalTrackingServiceIntegrationTest]: GoalTrackingServiceIntegrationTest does not declare any static, non-private, non-final, nested classes annotated with @Configuration.
23:29:33.636 [Test worker] INFO org.springframework.boot.test.context.SpringBootTestContextBootstrapper -- Found @SpringBootConfiguration com.gbc.goals.GoalTrackingServiceApplication for test class com.gbc.goals.GoalTrackingServiceIntegrationTest
23:29:33.763 [Test worker] INFO org.testcontainers.images.PullPolicy -- Image pull policy will be performed by: DefaultPullPolicy()
23:29:33.767 [Test worker] INFO org.testcontainers.utility.ImageNameSubstitutor -- Image name substitution will be performed by: DefaultImageNameSubstitutor (composite of 'ConfigurationFileImageNameSubstitutor' and 'PrefixingImageNameSubstitutor')
23:29:34.029 [Test worker] INFO org.testcontainers.dockerclient.DockerClientProviderStrategy -- Loaded org.testcontainers.dockerclient.NpipeSocketClientProviderStrategy from ~/.testcontainers.properties, will try it first
23:29:34.274 [Test worker] INFO org.testcontainers.dockerclient.DockerClientProviderStrategy -- Found Docker environment with local Npipe socket (npipe:////./pipe/docker_engine)
23:29:34.275 [Test worker] INFO org.testcontainers.DockerClientFactory -- Docker host IP address is localhost
23:29:34.289 [Test worker] INFO org.testcontainers.DockerClientFactory -- Connected to docker: 
  Server Version: 28.4.0
  API Version: 1.51
  Operating System: Docker Desktop
  Total Memory: 15846 MB
23:29:34.410 [Test worker] INFO tc.testcontainers/ryuk:0.5.1 -- Creating container for image: testcontainers/ryuk:0.5.1
23:29:34.761 [Test worker] INFO tc.testcontainers/ryuk:0.5.1 -- Container testcontainers/ryuk:0.5.1 is starting: 883232551e1661c903cfc0c525e3714029dc4115aa342c708d98791bd79b57d8
23:29:35.172 [Test worker] INFO tc.testcontainers/ryuk:0.5.1 -- Container testcontainers/ryuk:0.5.1 started in PT0.7620558S
23:29:35.177 [Test worker] INFO org.testcontainers.utility.RyukResourceReaper -- Ryuk started - will monitor and terminate Testcontainers containers on JVM exit
23:29:35.177 [Test worker] INFO org.testcontainers.DockerClientFactory -- Checking the system...
23:29:35.178 [Test worker] INFO org.testcontainers.DockerClientFactory -- ?? Docker server version should be at least 1.6.0
23:29:35.178 [Test worker] INFO tc.mongo:6.0 -- Creating container for image: mongo:6.0
23:29:35.276 [Test worker] INFO tc.mongo:6.0 -- Container mongo:6.0 is starting: d396b8e80abad23c1350a093fd5752693adc1b427681dc5a58d48b2440cd2389
23:29:36.210 [Test worker] INFO tc.mongo:6.0 -- Container mongo:6.0 started in PT1.0316695S

  .   ____          _            __ _ _
 /\\ / ___'_ __ _ _(_)_ __  __ _ \ \ \ \
( ( )\___ | '_ | '_| | '_ \/ _` | \ \ \ \
 \\/  ___)| |_)| | | | | || (_| |  ) ) ) )
  '  |____| .__|_| |_|_| |_\__, | / / / /
 =========|_|==============|___/=/_/_/_/

 :: Spring Boot ::                (v3.3.4)

2025-12-04T23:29:37.745-05:00  INFO 21644 --- [    Test worker] c.g.g.GoalTrackingServiceIntegrationTest : Starting GoalTrackingServiceIntegrationTest using Java 17.0.17 with PID 21644 (started by 여치멸치 in C:\Users\Hyechan\Documents\comp3095-assign2\COMP3095-Group52-Assignment2\student-wellness-hub\student-wellness-hub\goal-tracking-service)
2025-12-04T23:29:37.747-05:00  INFO 21644 --- [    Test worker] c.g.g.GoalTrackingServiceIntegrationTest : No active profile set, falling back to 1 default profile: "default"
2025-12-04T23:29:38.504-05:00  INFO 21644 --- [    Test worker] .s.d.r.c.RepositoryConfigurationDelegate : Bootstrapping Spring Data MongoDB repositories in DEFAULT mode.
2025-12-04T23:29:38.550-05:00  INFO 21644 --- [    Test worker] .s.d.r.c.RepositoryConfigurationDelegate : Finished Spring Data repository scanning in 41 ms. Found 1 MongoDB repository interface.
2025-12-04T23:29:39.043-05:00  INFO 21644 --- [    Test worker] org.mongodb.driver.client                : MongoClient with metadata {"driver": {"name": "mongo-java-driver|sync|spring-boot", "version": "5.0.1"}, "os": {"type": "Windows", "name": "Windows 10", "architecture": "amd64", "version": "10.0"}, "platform": "Java/Eclipse Adoptium/17.0.17+10"} created with settings MongoClientSettings{readPreference=primary, writeConcern=WriteConcern{w=null, wTimeout=null ms, journal=null}, retryWrites=true, retryReads=true, readConcern=ReadConcern{level=null}, credential=null, transportSettings=null, commandListeners=[io.micrometer.core.instrument.binder.mongodb.MongoMetricsCommandListener@16944b58], codecRegistry=ProvidersCodecRegistry{codecProviders=[ValueCodecProvider{}, BsonValueCodecProvider{}, DBRefCodecProvider{}, DBObjectCodecProvider{}, DocumentCodecProvider{}, CollectionCodecProvider{}, IterableCodecProvider{}, MapCodecProvider{}, GeoJsonCodecProvider{}, GridFSFileCodecProvider{}, Jsr310CodecProvider{}, JsonObjectCodecProvider{}, BsonCodecProvider{}, EnumCodecProvider{}, com.mongodb.client.model.mql.ExpressionCodecProvider@1dbc607d, com.mongodb.Jep395RecordCodecProvider@62b42406, com.mongodb.KotlinCodecProvider@a0e33db]}, loggerSettings=LoggerSettings{maxDocumentLength=1000}, clusterSettings={hosts=[localhost:63402], srvServiceName=mongodb, mode=SINGLE, requiredClusterType=UNKNOWN, requiredReplicaSetName='null', serverSelector='null', clusterListeners='[]', serverSelectionTimeout='30000 ms', localThreshold='15 ms'}, socketSettings=SocketSettings{connectTimeoutMS=10000, readTimeoutMS=0, receiveBufferSize=0, proxySettings=ProxySettings{host=null, port=null, username=null, password=null}}, heartbeatSocketSettings=SocketSettings{connectTimeoutMS=10000, readTimeoutMS=10000, receiveBufferSize=0, proxySettings=ProxySettings{host=null, port=null, username=null, password=null}}, connectionPoolSettings=ConnectionPoolSettings{maxSize=100, minSize=0, maxWaitTimeMS=120000, maxConnectionLifeTimeMS=0, maxConnectionIdleTimeMS=0, maintenanceInitialDelayMS=0, maintenanceFrequencyMS=60000, connectionPoolListeners=[io.micrometer.core.instrument.binder.mongodb.MongoMetricsConnectionPoolListener@3ef46749], maxConnecting=2}, serverSettings=ServerSettings{heartbeatFrequencyMS=10000, minHeartbeatFrequencyMS=500, serverListeners='[]', serverMonitorListeners='[]'}, sslSettings=SslSettings{enabled=false, invalidHostNameAllowed=false, context=null}, applicationName='null', compressorList=[], uuidRepresentation=JAVA_LEGACY, serverApi=null, autoEncryptionSettings=null, dnsClient=null, inetAddressResolver=null, contextProvider=null}
2025-12-04T23:29:39.052-05:00  INFO 21644 --- [localhost:63402] org.mongodb.driver.cluster               : Monitor thread successfully connected to server with description ServerDescription{address=localhost:63402, type=REPLICA_SET_PRIMARY, state=CONNECTED, ok=true, minWireVersion=0, maxWireVersion=17, maxDocumentSize=16777216, logicalSessionTimeoutMinutes=30, roundTripTimeNanos=23909400, setName='docker-rs', canonicalAddress=d396b8e80aba:27017, hosts=[d396b8e80aba:27017], passives=[], arbiters=[], primary='d396b8e80aba:27017', tagSet=TagSet{[]}, electionId=7fffffff0000000000000001, setVersion=1, topologyVersion=TopologyVersion{processId=69325faf70d171a7a9ef9cbd, counter=6}, lastWriteDate=Thu Dec 04 23:29:37 EST 2025, lastUpdateTimeNanos=233026715535600}
2025-12-04T23:29:40.001-05:00  INFO 21644 --- [    Test worker] o.s.b.a.e.web.EndpointLinksResolver      : Exposing 2 endpoints beneath base path '/actuator'
2025-12-04T23:29:40.054-05:00  INFO 21644 --- [    Test worker] c.g.g.GoalTrackingServiceIntegrationTest : Started GoalTrackingServiceIntegrationTest in 2.586 seconds (process running for 7.281)
2025-12-04T23:29:41.461-05:00  INFO 21644 --- [localhost:63402] org.mongodb.driver.cluster               : Exception in monitor thread while connecting to server localhost:63402

com.mongodb.MongoSocketReadException: Prematurely reached end of stream
	at com.mongodb.internal.connection.SocketStream.read(SocketStream.java:178) ~[mongodb-driver-core-5.0.1.jar:na]
	at com.mongodb.internal.connection.SocketStream.read(SocketStream.java:196) ~[mongodb-driver-core-5.0.1.jar:na]
	at com.mongodb.internal.connection.InternalStreamConnection.receiveResponseBuffers(InternalStreamConnection.java:716) ~[mongodb-driver-core-5.0.1.jar:na]
	at com.mongodb.internal.connection.InternalStreamConnection.receiveMessageWithAdditionalTimeout(InternalStreamConnection.java:580) ~[mongodb-driver-core-5.0.1.jar:na]
	at com.mongodb.internal.connection.InternalStreamConnection.receiveCommandMessageResponse(InternalStreamConnection.java:428) ~[mongodb-driver-core-5.0.1.jar:na]
	at com.mongodb.internal.connection.InternalStreamConnection.receive(InternalStreamConnection.java:381) ~[mongodb-driver-core-5.0.1.jar:na]
	at com.mongodb.internal.connection.DefaultServerMonitor$ServerMonitorRunnable.lookupServerDescription(DefaultServerMonitor.java:221) ~[mongodb-driver-core-5.0.1.jar:na]
	at com.mongodb.internal.connection.DefaultServerMonitor$ServerMonitorRunnable.run(DefaultServerMonitor.java:153) ~[mongodb-driver-core-5.0.1.jar:na]
	at java.base/java.lang.Thread.run(Thread.java:840) ~[na:na]

]]></system-out>
  <system-err><![CDATA[]]></system-err>
</testsuite>
